c:\users\18282\documents\ws\face_swap\dependence\caffe\build\src\caffe\caffe.dir\debug\vc143.pdb
c:\users\18282\documents\ws\face_swap\dependence\caffe\build\src\caffe\caffe.dir\debug\crop_layer.obj
c:\users\18282\documents\ws\face_swap\dependence\caffe\build\src\caffe\caffe.dir\debug\conv_layer.obj
c:\users\18282\documents\ws\face_swap\dependence\caffe\build\src\caffe\caffe.dir\debug\concat_layer.obj
c:\users\18282\documents\ws\face_swap\dependence\caffe\build\src\caffe\caffe.dir\debug\batch_reindex_layer.obj
c:\users\18282\documents\ws\face_swap\dependence\caffe\build\src\caffe\caffe.dir\debug\batch_norm_layer.obj
c:\users\18282\documents\ws\face_swap\dependence\caffe\build\src\caffe\caffe.dir\debug\base_data_layer.obj
c:\users\18282\documents\ws\face_swap\dependence\caffe\build\src\caffe\caffe.dir\debug\argmax_layer.obj
c:\users\18282\documents\ws\face_swap\dependence\caffe\build\src\caffe\caffe.dir\debug\accuracy_layer.obj
c:\users\18282\documents\ws\face_swap\dependence\caffe\build\src\caffe\caffe.dir\debug\absval_layer.obj
c:\users\18282\documents\ws\face_swap\dependence\caffe\build\src\caffe\caffe.dir\debug\layer_factory.obj
c:\users\18282\documents\ws\face_swap\dependence\caffe\build\src\caffe\caffe.dir\debug\layer.obj
c:\users\18282\documents\ws\face_swap\dependence\caffe\build\src\caffe\caffe.dir\debug\internal_thread.obj
c:\users\18282\documents\ws\face_swap\dependence\caffe\build\src\caffe\caffe.dir\debug\data_transformer.obj
c:\users\18282\documents\ws\face_swap\dependence\caffe\build\src\caffe\caffe.dir\debug\blob.obj
c:\users\18282\documents\ws\face_swap\dependence\caffe\build\src\caffe\caffe.dir\debug\flatten_layer.obj
c:\users\18282\documents\ws\face_swap\dependence\caffe\build\src\caffe\caffe.dir\debug\filter_layer.obj
c:\users\18282\documents\ws\face_swap\dependence\caffe\build\src\caffe\caffe.dir\debug\exp_layer.obj
c:\users\18282\documents\ws\face_swap\dependence\caffe\build\src\caffe\caffe.dir\debug\euclidean_loss_layer.obj
c:\users\18282\documents\ws\face_swap\dependence\caffe\build\src\caffe\caffe.dir\debug\eltwise_layer.obj
c:\users\18282\documents\ws\face_swap\dependence\caffe\build\src\caffe\caffe.dir\debug\dropout_layer.obj
c:\users\18282\documents\ws\face_swap\dependence\caffe\build\src\caffe\caffe.dir\debug\deconv_layer.obj
c:\users\18282\documents\ws\face_swap\dependence\caffe\build\src\caffe\caffe.dir\debug\data_layer.obj
c:\users\18282\documents\ws\face_swap\dependence\caffe\build\src\caffe\caffe.dir\debug\cudnn_tanh_layer.obj
c:\users\18282\documents\ws\face_swap\dependence\caffe\build\src\caffe\caffe.dir\debug\cudnn_softmax_layer.obj
c:\users\18282\documents\ws\face_swap\dependence\caffe\build\src\caffe\caffe.dir\debug\cudnn_sigmoid_layer.obj
c:\users\18282\documents\ws\face_swap\dependence\caffe\build\src\caffe\caffe.dir\debug\cudnn_relu_layer.obj
c:\users\18282\documents\ws\face_swap\dependence\caffe\build\src\caffe\caffe.dir\debug\cudnn_pooling_layer.obj
c:\users\18282\documents\ws\face_swap\dependence\caffe\build\src\caffe\caffe.dir\debug\cudnn_lrn_layer.obj
c:\users\18282\documents\ws\face_swap\dependence\caffe\build\src\caffe\caffe.dir\debug\cudnn_lcn_layer.obj
c:\users\18282\documents\ws\face_swap\dependence\caffe\build\src\caffe\caffe.dir\debug\cudnn_deconv_layer.obj
c:\users\18282\documents\ws\face_swap\dependence\caffe\build\src\caffe\caffe.dir\debug\cudnn_conv_layer.obj
c:\users\18282\documents\ws\face_swap\dependence\caffe\build\src\caffe\caffe.dir\debug\power_layer.obj
c:\users\18282\documents\ws\face_swap\dependence\caffe\build\src\caffe\caffe.dir\debug\pooling_layer.obj
c:\users\18282\documents\ws\face_swap\dependence\caffe\build\src\caffe\caffe.dir\debug\parameter_layer.obj
c:\users\18282\documents\ws\face_swap\dependence\caffe\build\src\caffe\caffe.dir\debug\neuron_layer.obj
c:\users\18282\documents\ws\face_swap\dependence\caffe\build\src\caffe\caffe.dir\debug\mvn_layer.obj
c:\users\18282\documents\ws\face_swap\dependence\caffe\build\src\caffe\caffe.dir\debug\memory_data_layer.obj
c:\users\18282\documents\ws\face_swap\dependence\caffe\build\src\caffe\caffe.dir\debug\lstm_unit_layer.obj
c:\users\18282\documents\ws\face_swap\dependence\caffe\build\src\caffe\caffe.dir\debug\lstm_layer.obj
c:\users\18282\documents\ws\face_swap\dependence\caffe\build\src\caffe\caffe.dir\debug\lrn_layer.obj
c:\users\18282\documents\ws\face_swap\dependence\caffe\build\src\caffe\caffe.dir\debug\loss_layer.obj
c:\users\18282\documents\ws\face_swap\dependence\caffe\build\src\caffe\caffe.dir\debug\log_layer.obj
c:\users\18282\documents\ws\face_swap\dependence\caffe\build\src\caffe\caffe.dir\debug\input_layer.obj
c:\users\18282\documents\ws\face_swap\dependence\caffe\build\src\caffe\caffe.dir\debug\image_data_layer.obj
c:\users\18282\documents\ws\face_swap\dependence\caffe\build\src\caffe\caffe.dir\debug\im2col_layer.obj
c:\users\18282\documents\ws\face_swap\dependence\caffe\build\src\caffe\caffe.dir\debug\hdf5_output_layer.obj
c:\users\18282\documents\ws\face_swap\dependence\caffe\build\src\caffe\caffe.dir\debug\hdf5_data_layer.obj
c:\users\18282\documents\ws\face_swap\dependence\caffe\build\src\caffe\caffe.dir\debug\tile_layer.obj
c:\users\18282\documents\ws\face_swap\dependence\caffe\build\src\caffe\caffe.dir\debug\threshold_layer.obj
c:\users\18282\documents\ws\face_swap\dependence\caffe\build\src\caffe\caffe.dir\debug\tanh_layer.obj
c:\users\18282\documents\ws\face_swap\dependence\caffe\build\src\caffe\caffe.dir\debug\swish_layer.obj
c:\users\18282\documents\ws\face_swap\dependence\caffe\build\src\caffe\caffe.dir\debug\spp_layer.obj
c:\users\18282\documents\ws\face_swap\dependence\caffe\build\src\caffe\caffe.dir\debug\split_layer.obj
c:\users\18282\documents\ws\face_swap\dependence\caffe\build\src\caffe\caffe.dir\debug\slice_layer.obj
c:\users\18282\documents\ws\face_swap\dependence\caffe\build\src\caffe\caffe.dir\debug\silence_layer.obj
c:\users\18282\documents\ws\face_swap\dependence\caffe\build\src\caffe\caffe.dir\debug\sigmoid_layer.obj
c:\users\18282\documents\ws\face_swap\dependence\caffe\build\src\caffe\caffe.dir\debug\rnn_layer.obj
c:\users\18282\documents\ws\face_swap\dependence\caffe\build\src\caffe\caffe.dir\debug\reshape_layer.obj
c:\users\18282\documents\ws\face_swap\dependence\caffe\build\src\caffe\caffe.dir\debug\reduction_layer.obj
c:\users\18282\documents\ws\face_swap\dependence\caffe\build\src\caffe\caffe.dir\debug\recurrent_layer.obj
c:\users\18282\documents\ws\face_swap\dependence\caffe\build\src\caffe\caffe.dir\debug\im2col.obj
c:\users\18282\documents\ws\face_swap\dependence\caffe\build\src\caffe\caffe.dir\debug\hdf5.obj
c:\users\18282\documents\ws\face_swap\dependence\caffe\build\src\caffe\caffe.dir\debug\db_leveldb.obj
c:\users\18282\documents\ws\face_swap\dependence\caffe\build\src\caffe\caffe.dir\debug\db.obj
c:\users\18282\documents\ws\face_swap\dependence\caffe\build\src\caffe\caffe.dir\debug\cudnn.obj
c:\users\18282\documents\ws\face_swap\dependence\caffe\build\src\caffe\caffe.dir\debug\blocking_queue.obj
c:\users\18282\documents\ws\face_swap\dependence\caffe\build\src\caffe\caffe.dir\debug\benchmark.obj
c:\users\18282\documents\ws\face_swap\dependence\caffe\build\src\caffe\caffe.dir\debug\syncedmem.obj
c:\users\18282\documents\ws\face_swap\dependence\caffe\build\src\caffe\caffe.dir\debug\sgd_solver.obj
c:\users\18282\documents\ws\face_swap\dependence\caffe\build\src\caffe\caffe.dir\debug\rmsprop_solver.obj
c:\users\18282\documents\ws\face_swap\dependence\caffe\build\src\caffe\caffe.dir\debug\nesterov_solver.obj
c:\users\18282\documents\ws\face_swap\dependence\caffe\build\src\caffe\caffe.dir\debug\adam_solver.obj
c:\users\18282\documents\ws\face_swap\dependence\caffe\build\src\caffe\caffe.dir\debug\adagrad_solver.obj
c:\users\18282\documents\ws\face_swap\dependence\caffe\build\src\caffe\caffe.dir\debug\adadelta_solver.obj
c:\users\18282\documents\ws\face_swap\dependence\caffe\build\src\caffe\caffe.dir\debug\solver.obj
c:\users\18282\documents\ws\face_swap\dependence\caffe\build\src\caffe\caffe.dir\debug\parallel.obj
c:\users\18282\documents\ws\face_swap\dependence\caffe\build\src\caffe\caffe.dir\debug\upgrade_proto.obj
c:\users\18282\documents\ws\face_swap\dependence\caffe\build\src\caffe\cmakefiles\cuda_compile_1.dir\layers\debug\cuda_compile_1_generated_absval_layer.cu.obj
c:\users\18282\documents\ws\face_swap\dependence\caffe\build\src\caffe\cmakefiles\cuda_compile_1.dir\layers\debug\cuda_compile_1_generated_accuracy_layer.cu.obj
c:\users\18282\documents\ws\face_swap\dependence\caffe\build\src\caffe\cmakefiles\cuda_compile_1.dir\layers\debug\cuda_compile_1_generated_base_data_layer.cu.obj
c:\users\18282\documents\ws\face_swap\dependence\caffe\build\src\caffe\cmakefiles\cuda_compile_1.dir\layers\debug\cuda_compile_1_generated_batch_norm_layer.cu.obj
c:\users\18282\documents\ws\face_swap\dependence\caffe\build\src\caffe\cmakefiles\cuda_compile_1.dir\layers\debug\cuda_compile_1_generated_batch_reindex_layer.cu.obj
c:\users\18282\documents\ws\face_swap\dependence\caffe\build\src\caffe\cmakefiles\cuda_compile_1.dir\layers\debug\cuda_compile_1_generated_bias_layer.cu.obj
c:\users\18282\documents\ws\face_swap\dependence\caffe\build\src\caffe\cmakefiles\cuda_compile_1.dir\layers\debug\cuda_compile_1_generated_bnll_layer.cu.obj
c:\users\18282\documents\ws\face_swap\dependence\caffe\build\src\caffe\cmakefiles\cuda_compile_1.dir\layers\debug\cuda_compile_1_generated_clip_layer.cu.obj
c:\users\18282\documents\ws\face_swap\dependence\caffe\build\src\caffe\cmakefiles\cuda_compile_1.dir\layers\debug\cuda_compile_1_generated_concat_layer.cu.obj
c:\users\18282\documents\ws\face_swap\dependence\caffe\build\src\caffe\cmakefiles\cuda_compile_1.dir\layers\debug\cuda_compile_1_generated_contrastive_loss_layer.cu.obj
c:\users\18282\documents\ws\face_swap\dependence\caffe\build\src\caffe\cmakefiles\cuda_compile_1.dir\layers\debug\cuda_compile_1_generated_conv_layer.cu.obj
c:\users\18282\documents\ws\face_swap\dependence\caffe\build\src\caffe\cmakefiles\cuda_compile_1.dir\layers\debug\cuda_compile_1_generated_crop_layer.cu.obj
c:\users\18282\documents\ws\face_swap\dependence\caffe\build\src\caffe\cmakefiles\cuda_compile_1.dir\layers\debug\cuda_compile_1_generated_cudnn_conv_layer.cu.obj
c:\users\18282\documents\ws\face_swap\dependence\caffe\build\src\caffe\cmakefiles\cuda_compile_1.dir\layers\debug\cuda_compile_1_generated_cudnn_deconv_layer.cu.obj
c:\users\18282\documents\ws\face_swap\dependence\caffe\build\src\caffe\cmakefiles\cuda_compile_1.dir\layers\debug\cuda_compile_1_generated_cudnn_lcn_layer.cu.obj
c:\users\18282\documents\ws\face_swap\dependence\caffe\build\src\caffe\cmakefiles\cuda_compile_1.dir\layers\debug\cuda_compile_1_generated_cudnn_lrn_layer.cu.obj
c:\users\18282\documents\ws\face_swap\dependence\caffe\build\src\caffe\cmakefiles\cuda_compile_1.dir\layers\debug\cuda_compile_1_generated_cudnn_pooling_layer.cu.obj
c:\users\18282\documents\ws\face_swap\dependence\caffe\build\src\caffe\cmakefiles\cuda_compile_1.dir\layers\debug\cuda_compile_1_generated_cudnn_relu_layer.cu.obj
c:\users\18282\documents\ws\face_swap\dependence\caffe\build\src\caffe\cmakefiles\cuda_compile_1.dir\layers\debug\cuda_compile_1_generated_cudnn_sigmoid_layer.cu.obj
c:\users\18282\documents\ws\face_swap\dependence\caffe\build\src\caffe\cmakefiles\cuda_compile_1.dir\layers\debug\cuda_compile_1_generated_cudnn_softmax_layer.cu.obj
c:\users\18282\documents\ws\face_swap\dependence\caffe\build\src\caffe\cmakefiles\cuda_compile_1.dir\layers\debug\cuda_compile_1_generated_cudnn_tanh_layer.cu.obj
c:\users\18282\documents\ws\face_swap\dependence\caffe\build\src\caffe\cmakefiles\cuda_compile_1.dir\layers\debug\cuda_compile_1_generated_deconv_layer.cu.obj
c:\users\18282\documents\ws\face_swap\dependence\caffe\build\src\caffe\cmakefiles\cuda_compile_1.dir\layers\debug\cuda_compile_1_generated_dropout_layer.cu.obj
c:\users\18282\documents\ws\face_swap\dependence\caffe\build\src\caffe\cmakefiles\cuda_compile_1.dir\layers\debug\cuda_compile_1_generated_eltwise_layer.cu.obj
c:\users\18282\documents\ws\face_swap\dependence\caffe\build\src\caffe\cmakefiles\cuda_compile_1.dir\layers\debug\cuda_compile_1_generated_elu_layer.cu.obj
c:\users\18282\documents\ws\face_swap\dependence\caffe\build\src\caffe\cmakefiles\cuda_compile_1.dir\layers\debug\cuda_compile_1_generated_embed_layer.cu.obj
c:\users\18282\documents\ws\face_swap\dependence\caffe\build\src\caffe\cmakefiles\cuda_compile_1.dir\layers\debug\cuda_compile_1_generated_euclidean_loss_layer.cu.obj
c:\users\18282\documents\ws\face_swap\dependence\caffe\build\src\caffe\cmakefiles\cuda_compile_1.dir\layers\debug\cuda_compile_1_generated_exp_layer.cu.obj
c:\users\18282\documents\ws\face_swap\dependence\caffe\build\src\caffe\cmakefiles\cuda_compile_1.dir\layers\debug\cuda_compile_1_generated_filter_layer.cu.obj
c:\users\18282\documents\ws\face_swap\dependence\caffe\build\src\caffe\cmakefiles\cuda_compile_1.dir\layers\debug\cuda_compile_1_generated_hdf5_data_layer.cu.obj
c:\users\18282\documents\ws\face_swap\dependence\caffe\build\src\caffe\cmakefiles\cuda_compile_1.dir\layers\debug\cuda_compile_1_generated_hdf5_output_layer.cu.obj
c:\users\18282\documents\ws\face_swap\dependence\caffe\build\src\caffe\cmakefiles\cuda_compile_1.dir\layers\debug\cuda_compile_1_generated_im2col_layer.cu.obj
c:\users\18282\documents\ws\face_swap\dependence\caffe\build\src\caffe\cmakefiles\cuda_compile_1.dir\layers\debug\cuda_compile_1_generated_inner_product_layer.cu.obj
c:\users\18282\documents\ws\face_swap\dependence\caffe\build\src\caffe\cmakefiles\cuda_compile_1.dir\layers\debug\cuda_compile_1_generated_log_layer.cu.obj
c:\users\18282\documents\ws\face_swap\dependence\caffe\build\src\caffe\cmakefiles\cuda_compile_1.dir\layers\debug\cuda_compile_1_generated_lrn_layer.cu.obj
c:\users\18282\documents\ws\face_swap\dependence\caffe\build\src\caffe\cmakefiles\cuda_compile_1.dir\layers\debug\cuda_compile_1_generated_lstm_unit_layer.cu.obj
c:\users\18282\documents\ws\face_swap\dependence\caffe\build\src\caffe\cmakefiles\cuda_compile_1.dir\layers\debug\cuda_compile_1_generated_mvn_layer.cu.obj
c:\users\18282\documents\ws\face_swap\dependence\caffe\build\src\caffe\cmakefiles\cuda_compile_1.dir\layers\debug\cuda_compile_1_generated_pooling_layer.cu.obj
c:\users\18282\documents\ws\face_swap\dependence\caffe\build\src\caffe\cmakefiles\cuda_compile_1.dir\layers\debug\cuda_compile_1_generated_power_layer.cu.obj
c:\users\18282\documents\ws\face_swap\dependence\caffe\build\src\caffe\cmakefiles\cuda_compile_1.dir\layers\debug\cuda_compile_1_generated_prelu_layer.cu.obj
c:\users\18282\documents\ws\face_swap\dependence\caffe\build\src\caffe\cmakefiles\cuda_compile_1.dir\layers\debug\cuda_compile_1_generated_recurrent_layer.cu.obj
c:\users\18282\documents\ws\face_swap\dependence\caffe\build\src\caffe\cmakefiles\cuda_compile_1.dir\layers\debug\cuda_compile_1_generated_reduction_layer.cu.obj
c:\users\18282\documents\ws\face_swap\dependence\caffe\build\src\caffe\cmakefiles\cuda_compile_1.dir\layers\debug\cuda_compile_1_generated_relu_layer.cu.obj
c:\users\18282\documents\ws\face_swap\dependence\caffe\build\src\caffe\cmakefiles\cuda_compile_1.dir\layers\debug\cuda_compile_1_generated_scale_layer.cu.obj
c:\users\18282\documents\ws\face_swap\dependence\caffe\build\src\caffe\cmakefiles\cuda_compile_1.dir\layers\debug\cuda_compile_1_generated_sigmoid_cross_entropy_loss_layer.cu.obj
c:\users\18282\documents\ws\face_swap\dependence\caffe\build\src\caffe\cmakefiles\cuda_compile_1.dir\layers\debug\cuda_compile_1_generated_sigmoid_layer.cu.obj
c:\users\18282\documents\ws\face_swap\dependence\caffe\build\src\caffe\cmakefiles\cuda_compile_1.dir\layers\debug\cuda_compile_1_generated_silence_layer.cu.obj
c:\users\18282\documents\ws\face_swap\dependence\caffe\build\src\caffe\cmakefiles\cuda_compile_1.dir\layers\debug\cuda_compile_1_generated_slice_layer.cu.obj
c:\users\18282\documents\ws\face_swap\dependence\caffe\build\src\caffe\cmakefiles\cuda_compile_1.dir\layers\debug\cuda_compile_1_generated_softmax_layer.cu.obj
c:\users\18282\documents\ws\face_swap\dependence\caffe\build\src\caffe\cmakefiles\cuda_compile_1.dir\layers\debug\cuda_compile_1_generated_softmax_loss_layer.cu.obj
c:\users\18282\documents\ws\face_swap\dependence\caffe\build\src\caffe\cmakefiles\cuda_compile_1.dir\layers\debug\cuda_compile_1_generated_split_layer.cu.obj
c:\users\18282\documents\ws\face_swap\dependence\caffe\build\src\caffe\cmakefiles\cuda_compile_1.dir\layers\debug\cuda_compile_1_generated_swish_layer.cu.obj
c:\users\18282\documents\ws\face_swap\dependence\caffe\build\src\caffe\cmakefiles\cuda_compile_1.dir\layers\debug\cuda_compile_1_generated_tanh_layer.cu.obj
c:\users\18282\documents\ws\face_swap\dependence\caffe\build\src\caffe\cmakefiles\cuda_compile_1.dir\layers\debug\cuda_compile_1_generated_threshold_layer.cu.obj
c:\users\18282\documents\ws\face_swap\dependence\caffe\build\src\caffe\cmakefiles\cuda_compile_1.dir\layers\debug\cuda_compile_1_generated_tile_layer.cu.obj
c:\users\18282\documents\ws\face_swap\dependence\caffe\build\src\caffe\cmakefiles\cuda_compile_1.dir\solvers\debug\cuda_compile_1_generated_adadelta_solver.cu.obj
c:\users\18282\documents\ws\face_swap\dependence\caffe\build\src\caffe\cmakefiles\cuda_compile_1.dir\solvers\debug\cuda_compile_1_generated_adagrad_solver.cu.obj
c:\users\18282\documents\ws\face_swap\dependence\caffe\build\src\caffe\cmakefiles\cuda_compile_1.dir\solvers\debug\cuda_compile_1_generated_adam_solver.cu.obj
c:\users\18282\documents\ws\face_swap\dependence\caffe\build\src\caffe\cmakefiles\cuda_compile_1.dir\solvers\debug\cuda_compile_1_generated_nesterov_solver.cu.obj
c:\users\18282\documents\ws\face_swap\dependence\caffe\build\src\caffe\cmakefiles\cuda_compile_1.dir\solvers\debug\cuda_compile_1_generated_rmsprop_solver.cu.obj
c:\users\18282\documents\ws\face_swap\dependence\caffe\build\src\caffe\cmakefiles\cuda_compile_1.dir\solvers\debug\cuda_compile_1_generated_sgd_solver.cu.obj
c:\users\18282\documents\ws\face_swap\dependence\caffe\build\src\caffe\cmakefiles\cuda_compile_1.dir\util\debug\cuda_compile_1_generated_im2col.cu.obj
c:\users\18282\documents\ws\face_swap\dependence\caffe\build\src\caffe\cmakefiles\cuda_compile_1.dir\util\debug\cuda_compile_1_generated_math_functions.cu.obj
c:\users\18282\documents\ws\face_swap\dependence\caffe\build\src\caffe\cmakefiles\generate.stamp
c:\users\18282\documents\ws\face_swap\dependence\caffe\build\src\caffe\caffe.dir\debug\caffe.tlog\cl.command.1.tlog
c:\users\18282\documents\ws\face_swap\dependence\caffe\build\src\caffe\caffe.dir\debug\caffe.tlog\cl.read.1.tlog
c:\users\18282\documents\ws\face_swap\dependence\caffe\build\src\caffe\caffe.dir\debug\caffe.tlog\cl.write.1.tlog
c:\users\18282\documents\ws\face_swap\dependence\caffe\build\src\caffe\caffe.dir\debug\caffe.tlog\custombuild.command.1.tlog
c:\users\18282\documents\ws\face_swap\dependence\caffe\build\src\caffe\caffe.dir\debug\caffe.tlog\custombuild.read.1.tlog
c:\users\18282\documents\ws\face_swap\dependence\caffe\build\src\caffe\caffe.dir\debug\caffe.tlog\custombuild.write.1.tlog
